<?xml version="1.0" encoding="UTF-8"?>
<!-- Generated by org.testng.reporters.JUnitReportReporter -->
<testsuite skipped="0" hostname="gnvl.local" name="core.AddTest" tests="4" failures="0" timestamp="24 Aug 2017 09:59:13 GMT" time="0.025" errors="0">
  <testcase name="add_test_2_param" time="0.020" classname="core.AddTest"/>
  <testcase name="add_test_instanceOf" time="0.002" classname="core.AddTest"/>
  <testcase name="add_test_3_param" time="0.001" classname="core.AddTest"/>
  <testcase name="add_test_4_param" time="0.002" classname="core.AddTest"/>
</testsuite> <!-- core.AddTest -->
