<?xml version="1.0" encoding="UTF-8"?>
<!-- Generated by org.testng.reporters.JUnitReportReporter -->
<testsuite skipped="0" hostname="gnvl.local" name="core.SubtractTest" tests="4" failures="0" timestamp="24 Aug 2017 10:00:12 GMT" time="0.016" errors="0">
  <testcase name="subtract_test_2_param" time="0.011" classname="core.SubtractTest"/>
  <testcase name="subtract_test_instanceOf" time="0.002" classname="core.SubtractTest"/>
  <testcase name="subtract_test_3_param" time="0.002" classname="core.SubtractTest"/>
  <testcase name="subtract_test_4_param" time="0.001" classname="core.SubtractTest"/>
</testsuite> <!-- core.SubtractTest -->
